<?xml version="1.0" encoding="UTF-8"?>
<!-- Generated by org.testng.reporters.JUnitXMLReporter -->
<testsuite hostname="gonens-MacBook-2.local" ignored="0" name="HubSpot Login Page" tests="4" failures="0" timestamp="2020-07-05T01:52:56 EDT" time="54.412" errors="0">
  <testcase name="getTitle" time="0.03" classname="com.hubspot.tests.LoginPageTest"/>
  <testcase name="loginTest1" time="1.106" classname="com.hubspot.tests.LoginPageTest"/>
  <testcase name="loginTest2" time="1.021" classname="com.hubspot.tests.LoginPageTest"/>
  <testcase name="loginTest3" time="1.549" classname="com.hubspot.tests.LoginPageTest"/>
</testsuite> <!-- HubSpot Login Page -->
