<?xml version="1.0" encoding="UTF-8"?>
<!-- Generated by org.testng.reporters.JUnitXMLReporter -->
<testsuite hostname="gonens-MacBook-2.local" ignored="1" name="Command line test" tests="10" failures="0" timestamp="2020-07-27T15:45:40 EDT" time="45.025" errors="0">
  <testcase name="verifyHomePageTitle" time="0.04" classname="com.hubspot.tests.HomePageTest"/>
  <testcase name="verifyHomePageHeaderTest" time="0.134" classname="com.hubspot.tests.HomePageTest"/>
  <testcase name="verifyLoggedInUserInfo" time="0.163" classname="com.hubspot.tests.HomePageTest"/>
  <testcase name="getTitle" time="0.02" classname="com.hubspot.tests.LoginPageTest"/>
  <testcase name="verifySignUpLinkTest" time="0.164" classname="com.hubspot.tests.LoginPageTest"/>
  <testcase name="login_invalidTestCase" time="1.443" classname="com.hubspot.tests.LoginPageTest"/>
  <testcase name="login_invalidTestCase" time="0.632" classname="com.hubspot.tests.LoginPageTest"/>
  <testcase name="login_invalidTestCase" time="0.643" classname="com.hubspot.tests.LoginPageTest"/>
  <testcase name="login_invalidTestCase" time="0.592" classname="com.hubspot.tests.LoginPageTest"/>
  <testcase name="login_invalidTestCase" time="0.573" classname="com.hubspot.tests.LoginPageTest"/>
  <testcase name="loginTest1" time="0.0" classname="com.hubspot.tests.LoginPageTest">
    <ignored/>
  </testcase> <!-- loginTest1 -->
</testsuite> <!-- Command line test -->
