<?xml version="1.0" encoding="UTF-8"?>
<!-- Generated by org.testng.reporters.JUnitXMLReporter -->
<testsuite hostname="gonens-MacBook-2.local" ignored="7" name="Hubspot Functional Regression Test" tests="3" failures="0" timestamp="2020-08-16T23:05:11 EDT" time="40.773" errors="0">
  <testcase name="getTitle" time="4.88" classname="com.hubspot.tests.LoginPageTest"/>
  <testcase name="loginTest1" time="10.916" classname="com.hubspot.tests.LoginPageTest"/>
  <testcase name="verifySignUpLinkTest" time="7.229" classname="com.hubspot.tests.LoginPageTest"/>
  <testcase name="login_invalidTestCase" time="0.0" classname="com.hubspot.tests.LoginPageTest">
    <ignored/>
  </testcase> <!-- login_invalidTestCase -->
  <testcase name="verifyHomePageTitle" time="0.0" classname="com.hubspot.tests.HomePageTest">
    <ignored/>
  </testcase> <!-- verifyHomePageTitle -->
  <testcase name="verifyLoggedInUserInfo" time="0.0" classname="com.hubspot.tests.HomePageTest">
    <ignored/>
  </testcase> <!-- verifyLoggedInUserInfo -->
  <testcase name="verifyHomePageHeaderTest" time="0.0" classname="com.hubspot.tests.HomePageTest">
    <ignored/>
  </testcase> <!-- verifyHomePageHeaderTest -->
  <testcase name="createContactsTest" time="0.0" classname="com.hubspot.tests.ContactsPageTest">
    <ignored/>
  </testcase> <!-- createContactsTest -->
  <testcase name="loginTest3" time="0.0" classname="com.hubspot.tests.LoginPageTest">
    <ignored/>
  </testcase> <!-- loginTest3 -->
  <testcase name="verifyContactsPageTitle" time="0.0" classname="com.hubspot.tests.ContactsPageTest">
    <ignored/>
  </testcase> <!-- verifyContactsPageTitle -->
</testsuite> <!-- Hubspot Functional Regression Test -->
