<?xml version="1.0" encoding="UTF-8"?>
<testng-results skipped="0" failed="0" ignored="4" total="5" passed="1">
  <reporter-output>
  </reporter-output>
  <suite name="Default suite" duration-ms="9755" started-at="2020-08-17T00:13:17 EDT" finished-at="2020-08-17T00:13:26 EDT">
    <groups>
      <group name="sanity">
        <method signature="LoginPageTest.getTitle()[pri:1, instance:com.hubspot.tests.LoginPageTest@2e8ab815]" name="getTitle" class="com.hubspot.tests.LoginPageTest"/>
      </group> <!-- sanity -->
    </groups>
    <test name="Default test" duration-ms="9755" started-at="2020-08-17T00:13:17 EDT" finished-at="2020-08-17T00:13:26 EDT">
      <class name="com.hubspot.tests.LoginPageTest">
        <test-method status="PASS" signature="setUp()[pri:0, instance:com.hubspot.tests.LoginPageTest@2e8ab815]" name="setUp" is-config="true" duration-ms="4475" started-at="2020-08-17T00:13:17 EDT" finished-at="2020-08-17T00:13:21 EDT">
          <reporter-output>
          </reporter-output>
        </test-method> <!-- setUp -->
        <test-method status="PASS" signature="getTitle()[pri:1, instance:com.hubspot.tests.LoginPageTest@2e8ab815]" name="getTitle" duration-ms="4809" started-at="2020-08-17T00:13:22 EDT" description="Get title from HubSpot login page." finished-at="2020-08-17T00:13:26 EDT">
          <reporter-output>
          </reporter-output>
        </test-method> <!-- getTitle -->
        <test-method status="PASS" signature="tearDown()[pri:0, instance:com.hubspot.tests.LoginPageTest@2e8ab815]" name="tearDown" is-config="true" duration-ms="4" started-at="2020-08-17T00:13:26 EDT" finished-at="2020-08-17T00:13:26 EDT">
          <reporter-output>
          </reporter-output>
        </test-method> <!-- tearDown -->
      </class> <!-- com.hubspot.tests.LoginPageTest -->
    </test> <!-- Default test -->
  </suite> <!-- Default suite -->
</testng-results>
