<?xml version="1.0" encoding="UTF-8"?>
<testng-results skipped="0" failed="1" ignored="4" total="7" passed="2">
  <reporter-output>
  </reporter-output>
  <suite name="Hubspot Regression Test Suite" duration-ms="65621" started-at="2020-07-31T00:42:40 EDT" finished-at="2020-07-31T00:43:46 EDT">
    <groups>
      <group name="regression">
        <method signature="LoginPageTest.verifySignUpLinkTest()[pri:5, instance:com.hubspot.tests.LoginPageTest@28486680]" name="verifySignUpLinkTest" class="com.hubspot.tests.LoginPageTest"/>
      </group> <!-- regression -->
      <group name="sanity">
        <method signature="LoginPageTest.getTitle()[pri:1, instance:com.hubspot.tests.LoginPageTest@28486680]" name="getTitle" class="com.hubspot.tests.LoginPageTest"/>
        <method signature="LoginPageTest.loginTest1()[pri:2, instance:com.hubspot.tests.LoginPageTest@28486680]" name="loginTest1" class="com.hubspot.tests.LoginPageTest"/>
      </group> <!-- sanity -->
    </groups>
    <test name="Hubspot Functional Regression Test" duration-ms="65621" started-at="2020-07-31T00:42:40 EDT" finished-at="2020-07-31T00:43:46 EDT">
      <class name="com.hubspot.tests.LoginPageTest">
        <test-method status="PASS" signature="setUp()[pri:0, instance:com.hubspot.tests.LoginPageTest@28486680]" name="setUp" is-config="true" duration-ms="7058" started-at="2020-07-31T00:42:41 EDT" finished-at="2020-07-31T00:42:48 EDT">
          <reporter-output>
          </reporter-output>
        </test-method> <!-- setUp -->
        <test-method status="PASS" signature="getTitle()[pri:1, instance:com.hubspot.tests.LoginPageTest@28486680]" name="getTitle" duration-ms="4952" started-at="2020-07-31T00:42:48 EDT" description="Get title from HubSpot login page." finished-at="2020-07-31T00:42:53 EDT">
          <reporter-output>
          </reporter-output>
        </test-method> <!-- getTitle -->
        <test-method status="PASS" signature="tearDown()[pri:0, instance:com.hubspot.tests.LoginPageTest@28486680]" name="tearDown" is-config="true" duration-ms="1" started-at="2020-07-31T00:42:53 EDT" finished-at="2020-07-31T00:42:53 EDT">
          <reporter-output>
          </reporter-output>
        </test-method> <!-- tearDown -->
        <test-method status="PASS" signature="setUp()[pri:0, instance:com.hubspot.tests.LoginPageTest@28486680]" name="setUp" is-config="true" duration-ms="3609" started-at="2020-07-31T00:42:53 EDT" finished-at="2020-07-31T00:42:57 EDT">
          <reporter-output>
          </reporter-output>
        </test-method> <!-- setUp -->
        <test-method status="FAIL" signature="loginTest1()[pri:2, instance:com.hubspot.tests.LoginPageTest@28486680]" name="loginTest1" duration-ms="41420" started-at="2020-07-31T00:42:57 EDT" description="Login test is using valid username and password." finished-at="2020-07-31T00:43:38 EDT">
          <exception class="org.openqa.selenium.TimeoutException">
            <message>
              <![CDATA[Expected condition failed: waiting for presence of any elements located by By.id: account-menu (tried for 20 second(s) with 500 milliseconds interval)
Build info: version: '3.141.59', revision: 'e82be7d358', time: '2018-11-14T08:17:03'
System info: host: 'gonens-MacBook-2.local', ip: '2600:2b00:8109:2100:0:0:0:dd3c%en0', os.name: 'Mac OS X', os.arch: 'x86_64', os.version: '10.15.6', java.version: '1.8.0_231'
Driver info: org.openqa.selenium.chrome.ChromeDriver
Capabilities {acceptInsecureCerts: false, browserName: chrome, browserVersion: 84.0.4147.105, chrome: {chromedriverVersion: 84.0.4147.30 (48b3e868b4cc0..., userDataDir: /var/folders/wv/8z94qqm93l9...}, goog:chromeOptions: {debuggerAddress: localhost:65340}, javascriptEnabled: true, networkConnectionEnabled: false, pageLoadStrategy: normal, platform: MAC, platformName: MAC, proxy: Proxy(), setWindowRect: true, strictFileInteractability: false, timeouts: {implicit: 0, pageLoad: 300000, script: 30000}, unhandledPromptBehavior: dismiss and notify, webauthn:virtualAuthenticators: true}
Session ID: 3d6e26536abb3cd4fd1fe9c9ac886f00]]>
            </message>
            <full-stacktrace>
              <![CDATA[org.openqa.selenium.TimeoutException: Expected condition failed: waiting for presence of any elements located by By.id: account-menu (tried for 20 second(s) with 500 milliseconds interval)
Build info: version: '3.141.59', revision: 'e82be7d358', time: '2018-11-14T08:17:03'
System info: host: 'gonens-MacBook-2.local', ip: '2600:2b00:8109:2100:0:0:0:dd3c%en0', os.name: 'Mac OS X', os.arch: 'x86_64', os.version: '10.15.6', java.version: '1.8.0_231'
Driver info: org.openqa.selenium.chrome.ChromeDriver
Capabilities {acceptInsecureCerts: false, browserName: chrome, browserVersion: 84.0.4147.105, chrome: {chromedriverVersion: 84.0.4147.30 (48b3e868b4cc0..., userDataDir: /var/folders/wv/8z94qqm93l9...}, goog:chromeOptions: {debuggerAddress: localhost:65340}, javascriptEnabled: true, networkConnectionEnabled: false, pageLoadStrategy: normal, platform: MAC, platformName: MAC, proxy: Proxy(), setWindowRect: true, strictFileInteractability: false, timeouts: {implicit: 0, pageLoad: 300000, script: 30000}, unhandledPromptBehavior: dismiss and notify, webauthn:virtualAuthenticators: true}
Session ID: 3d6e26536abb3cd4fd1fe9c9ac886f00
at org.openqa.selenium.support.ui.WebDriverWait.timeoutException(WebDriverWait.java:95)
at org.openqa.selenium.support.ui.FluentWait.until(FluentWait.java:272)
at com.hubspot.util.ElementUtil.waitForElementPresent(ElementUtil.java:42)
at com.hubspot.pages.HomePage.verifyLoggedInAccountName(HomePage.java:48)
at com.hubspot.tests.LoginPageTest.loginTest1(LoginPageTest.java:70)
at sun.reflect.NativeMethodAccessorImpl.invoke0(Native Method)
at sun.reflect.NativeMethodAccessorImpl.invoke(NativeMethodAccessorImpl.java:62)
at sun.reflect.DelegatingMethodAccessorImpl.invoke(DelegatingMethodAccessorImpl.java:43)
at java.lang.reflect.Method.invoke(Method.java:498)
at org.testng.internal.MethodInvocationHelper.invokeMethod(MethodInvocationHelper.java:135)
at org.testng.internal.TestInvoker.invokeMethod(TestInvoker.java:598)
at org.testng.internal.TestInvoker.invokeTestMethod(TestInvoker.java:174)
at org.testng.internal.MethodRunner.runInSequence(MethodRunner.java:46)
at org.testng.internal.TestInvoker$MethodInvocationAgent.invoke(TestInvoker.java:821)
at org.testng.internal.TestInvoker.invokeTestMethods(TestInvoker.java:147)
at org.testng.internal.TestMethodWorker.invokeTestMethods(TestMethodWorker.java:146)
at org.testng.internal.TestMethodWorker.run(TestMethodWorker.java:128)
at java.util.ArrayList.forEach(ArrayList.java:1257)
at org.testng.TestRunner.privateRun(TestRunner.java:767)
at org.testng.TestRunner.run(TestRunner.java:588)
at org.testng.SuiteRunner.runTest(SuiteRunner.java:384)
at org.testng.SuiteRunner.runSequentially(SuiteRunner.java:378)
at org.testng.SuiteRunner.privateRun(SuiteRunner.java:337)
at org.testng.SuiteRunner.run(SuiteRunner.java:286)
at org.testng.SuiteRunnerWorker.runSuite(SuiteRunnerWorker.java:53)
at org.testng.SuiteRunnerWorker.run(SuiteRunnerWorker.java:96)
at org.testng.TestNG.runSuitesSequentially(TestNG.java:1214)
at org.testng.TestNG.runSuitesLocally(TestNG.java:1136)
at org.testng.TestNG.runSuites(TestNG.java:1066)
at org.testng.TestNG.run(TestNG.java:1034)
at org.testng.remote.AbstractRemoteTestNG.run(AbstractRemoteTestNG.java:115)
at org.testng.remote.RemoteTestNG.initAndRun(RemoteTestNG.java:251)
at org.testng.remote.RemoteTestNG.main(RemoteTestNG.java:77)
]]>
            </full-stacktrace>
          </exception> <!-- org.openqa.selenium.TimeoutException -->
          <reporter-output>
          </reporter-output>
        </test-method> <!-- loginTest1 -->
        <test-method status="PASS" signature="tearDown()[pri:0, instance:com.hubspot.tests.LoginPageTest@28486680]" name="tearDown" is-config="true" duration-ms="1" started-at="2020-07-31T00:43:38 EDT" finished-at="2020-07-31T00:43:38 EDT">
          <reporter-output>
          </reporter-output>
        </test-method> <!-- tearDown -->
        <test-method status="PASS" signature="setUp()[pri:0, instance:com.hubspot.tests.LoginPageTest@28486680]" name="setUp" is-config="true" duration-ms="2705" started-at="2020-07-31T00:43:38 EDT" finished-at="2020-07-31T00:43:41 EDT">
          <reporter-output>
          </reporter-output>
        </test-method> <!-- setUp -->
        <test-method status="PASS" signature="verifySignUpLinkTest()[pri:5, instance:com.hubspot.tests.LoginPageTest@28486680]" name="verifySignUpLinkTest" duration-ms="5193" started-at="2020-07-31T00:43:41 EDT" description="Verify signUpLink is displayed or not." finished-at="2020-07-31T00:43:46 EDT">
          <reporter-output>
          </reporter-output>
        </test-method> <!-- verifySignUpLinkTest -->
        <test-method status="PASS" signature="tearDown()[pri:0, instance:com.hubspot.tests.LoginPageTest@28486680]" name="tearDown" is-config="true" duration-ms="1" started-at="2020-07-31T00:43:46 EDT" finished-at="2020-07-31T00:43:46 EDT">
          <reporter-output>
          </reporter-output>
        </test-method> <!-- tearDown -->
      </class> <!-- com.hubspot.tests.LoginPageTest -->
    </test> <!-- Hubspot Functional Regression Test -->
  </suite> <!-- Hubspot Regression Test Suite -->
</testng-results>
